Running Firefox as root in a regular user's session is not supported.  ($XAUTHORITY is /home/mazuu/.Xauthority which is owned by mazuu.)
Running Firefox as root in a regular user's session is not supported.  ($XAUTHORITY is /home/mazuu/.Xauthority which is owned by mazuu.)
Running Firefox as root in a regular user's session is not supported.  ($XAUTHORITY is /home/mazuu/.Xauthority which is owned by mazuu.)
Running Firefox as root in a regular user's session is not supported.  ($XAUTHORITY is /home/mazuu/.Xauthority which is owned by mazuu.)
1656250617557	mozrunner::runner	INFO	Running command: "/usr/bin/firefox" "-marionette" "-headless" "user-agent=Mozilla/5.0 (Windows NT 10.0; Win64; x64) AppleWebKit/537.36 (KHTML, like Gecko) Chrome/85.0.4183.83 Safari/537.36" "--window-size=1920,1080" "--ignore-certificate-errors" "--allow-running-insecure-content" "--disable-extensions" "--proxy-server=\'direct://\'" "--proxy-bypass-list=*" "--start-maximized" "--disable-gpu" "--disable-dev-shm-usage" "--no-sandbox" "-foreground" "-no-remote" "-profile" "/tmp/rust_mozprofileIHK2CD"
*** You are running in headless mode.
1656250617992	Marionette	INFO	Marionette enabled
[GFX1-]: RenderCompositorSWGL failed mapping default framebuffer, no dt
console.warn: SearchSettings: "get: No settings file exists, new profile?" (new NotFoundError("Could not open the file at /tmp/rust_mozprofileIHK2CD/search.json.mozlz4", (void 0)))
1656250619990	Marionette	INFO	Listening on port 34217
1656250620083	RemoteAgent	WARN	TLS certificate errors will be ignored for this session
console.error: Region.jsm: "Error fetching region" (new Error("TIMEOUT", "resource://gre/modules/Region.jsm", 772))
console.error: Region.jsm: "Failed to fetch region" (new Error("TIMEOUT", "resource://gre/modules/Region.jsm", 419))
JavaScript error: resource://gre/modules/PartitioningExceptionListService.jsm, line 69: NS_ERROR_MALFORMED_URI: Component returned failure code: 0x804b000a (NS_ERROR_MALFORMED_URI) [nsIPartitioningExceptionListObserver.onExceptionListUpdate]
JavaScript error: https://aswpsdkeu.com/notify/v1/ua-sdk.min.js, line 1: ReferenceError: You must have a registered channel to send events.
JavaScript error: https://aswpsdkeu.com/notify/v1/ua-sdk.min.js, line 1: ReferenceError: You must have a registered channel to send events.
JavaScript warning: https://assets.alicdn.com/g/secdev/sufei_data/3.9.10/index.js, line 1: WebGL context was lost.
JavaScript warning: https://assets.alicdn.com/g??xlly/spl/rp.js,secdev/nsv/1.0.78/ns_e_88_3_n.js?v=1, line 5: WebGL context was lost.
JavaScript warning: https://assets.alicdn.com/g/AWSC/et/1.62.1/et_n.js, line 4: WebGL context was lost.
1656250646538	Marionette	INFO	Stopped listening on port 34217
JavaScript error: resource:///modules/Interactions.jsm, line 209: NS_ERROR_FAILURE: Component returned failure code: 0x80004005 (NS_ERROR_FAILURE) [nsIUserIdleService.removeIdleObserver]

###!!! [Parent][RunMessage] Error: Channel closing: too late to send/recv, messages will be lost

1656250648352	mozrunner::runner	INFO	Running command: "/usr/bin/firefox" "-marionette" "-headless" "user-agent=Mozilla/5.0 (Windows NT 10.0; Win64; x64) AppleWebKit/537.36 (KHTML, like Gecko) Chrome/85.0.4183.83 Safari/537.36" "--window-size=1920,1080" "--ignore-certificate-errors" "--allow-running-insecure-content" "--disable-extensions" "--proxy-server=\'direct://\'" "--proxy-bypass-list=*" "--start-maximized" "--disable-gpu" "--disable-dev-shm-usage" "--no-sandbox" "-foreground" "-no-remote" "-profile" "/tmp/rust_mozprofileRsTIuH"
*** You are running in headless mode.
1656250648752	Marionette	INFO	Marionette enabled
[GFX1-]: RenderCompositorSWGL failed mapping default framebuffer, no dt
console.warn: SearchSettings: "get: No settings file exists, new profile?" (new NotFoundError("Could not open the file at /tmp/rust_mozprofileRsTIuH/search.json.mozlz4", (void 0)))
1656250650759	Marionette	INFO	Listening on port 39353
1656250650875	RemoteAgent	WARN	TLS certificate errors will be ignored for this session
JavaScript error: resource://gre/modules/PartitioningExceptionListService.jsm, line 69: NS_ERROR_MALFORMED_URI: Component returned failure code: 0x804b000a (NS_ERROR_MALFORMED_URI) [nsIPartitioningExceptionListObserver.onExceptionListUpdate]
JavaScript error: https://aswpsdkeu.com/notify/v1/ua-sdk.min.js, line 1: ReferenceError: You must have a registered channel to send events.
JavaScript error: https://aswpsdkeu.com/notify/v1/ua-sdk.min.js, line 1: ReferenceError: You must have a registered channel to send events.
JavaScript warning: https://assets.alicdn.com/g/secdev/sufei_data/3.9.10/index.js, line 1: WebGL context was lost.
JavaScript warning: https://assets.alicdn.com/g??xlly/spl/rp.js,secdev/nsv/1.0.78/ns_e_88_3_n.js?v=1, line 5: WebGL context was lost.
JavaScript warning: https://assets.alicdn.com/g/AWSC/et/1.62.1/et_n.js, line 4: WebGL context was lost.
1656250665889	Marionette	INFO	Stopped listening on port 39353
JavaScript error: resource:///modules/Interactions.jsm, line 209: NS_ERROR_FAILURE: Component returned failure code: 0x80004005 (NS_ERROR_FAILURE) [nsIUserIdleService.removeIdleObserver]

###!!! [Parent][RunMessage] Error: Channel closing: too late to send/recv, messages will be lost

1656250667568	mozrunner::runner	INFO	Running command: "/usr/bin/firefox" "-marionette" "-headless" "user-agent=Mozilla/5.0 (Windows NT 10.0; Win64; x64) AppleWebKit/537.36 (KHTML, like Gecko) Chrome/85.0.4183.83 Safari/537.36" "--window-size=1920,1080" "--ignore-certificate-errors" "--allow-running-insecure-content" "--disable-extensions" "--proxy-server=\'direct://\'" "--proxy-bypass-list=*" "--start-maximized" "--disable-gpu" "--disable-dev-shm-usage" "--no-sandbox" "-foreground" "-no-remote" "-profile" "/tmp/rust_mozprofilepMvyYw"
*** You are running in headless mode.
1656250667960	Marionette	INFO	Marionette enabled
[GFX1-]: RenderCompositorSWGL failed mapping default framebuffer, no dt
console.warn: SearchSettings: "get: No settings file exists, new profile?" (new NotFoundError("Could not open the file at /tmp/rust_mozprofilepMvyYw/search.json.mozlz4", (void 0)))
1656250669957	Marionette	INFO	Listening on port 36903
1656250670026	RemoteAgent	WARN	TLS certificate errors will be ignored for this session
JavaScript error: resource://gre/modules/PartitioningExceptionListService.jsm, line 69: NS_ERROR_MALFORMED_URI: Component returned failure code: 0x804b000a (NS_ERROR_MALFORMED_URI) [nsIPartitioningExceptionListObserver.onExceptionListUpdate]
JavaScript error: https://aswpsdkeu.com/notify/v1/ua-sdk.min.js, line 1: ReferenceError: You must have a registered channel to send events.
JavaScript error: https://aswpsdkeu.com/notify/v1/ua-sdk.min.js, line 1: ReferenceError: You must have a registered channel to send events.
JavaScript warning: https://assets.alicdn.com/g/secdev/sufei_data/3.9.10/index.js, line 1: WebGL context was lost.
JavaScript warning: https://assets.alicdn.com/g??xlly/spl/rp.js,secdev/nsv/1.0.78/ns_e_88_3_n.js?v=1, line 5: WebGL context was lost.
JavaScript warning: https://assets.alicdn.com/g/AWSC/et/1.62.1/et_n.js, line 4: WebGL context was lost.
1656250685346	Marionette	INFO	Stopped listening on port 36903
JavaScript error: resource:///modules/Interactions.jsm, line 209: NS_ERROR_FAILURE: Component returned failure code: 0x80004005 (NS_ERROR_FAILURE) [nsIUserIdleService.removeIdleObserver]

###!!! [Parent][RunMessage] Error: Channel closing: too late to send/recv, messages will be lost

1656250687036	mozrunner::runner	INFO	Running command: "/usr/bin/firefox" "-marionette" "-headless" "user-agent=Mozilla/5.0 (Windows NT 10.0; Win64; x64) AppleWebKit/537.36 (KHTML, like Gecko) Chrome/85.0.4183.83 Safari/537.36" "--window-size=1920,1080" "--ignore-certificate-errors" "--allow-running-insecure-content" "--disable-extensions" "--proxy-server=\'direct://\'" "--proxy-bypass-list=*" "--start-maximized" "--disable-gpu" "--disable-dev-shm-usage" "--no-sandbox" "-foreground" "-no-remote" "-profile" "/tmp/rust_mozprofileXd5rWZ"
*** You are running in headless mode.
1656250687434	Marionette	INFO	Marionette enabled
[GFX1-]: RenderCompositorSWGL failed mapping default framebuffer, no dt
console.warn: SearchSettings: "get: No settings file exists, new profile?" (new NotFoundError("Could not open the file at /tmp/rust_mozprofileXd5rWZ/search.json.mozlz4", (void 0)))
1656250689552	Marionette	INFO	Listening on port 41179
1656250689662	RemoteAgent	WARN	TLS certificate errors will be ignored for this session
JavaScript error: resource://gre/modules/PartitioningExceptionListService.jsm, line 69: NS_ERROR_MALFORMED_URI: Component returned failure code: 0x804b000a (NS_ERROR_MALFORMED_URI) [nsIPartitioningExceptionListObserver.onExceptionListUpdate]
1656251591954	mozrunner::runner	INFO	Running command: "/usr/bin/firefox" "-marionette" "-headless" "user-agent=Mozilla/5.0 (Windows NT 10.0; Win64; x64) AppleWebKit/537.36 (KHTML, like Gecko) Chrome/85.0.4183.83 Safari/537.36" "--window-size=1920,1080" "--ignore-certificate-errors" "--allow-running-insecure-content" "--disable-extensions" "--proxy-server=\'direct://\'" "--proxy-bypass-list=*" "--start-maximized" "--disable-gpu" "--disable-dev-shm-usage" "--no-sandbox" "-foreground" "-no-remote" "-profile" "/tmp/rust_mozprofileykGXkn"
*** You are running in headless mode.
1656251592373	Marionette	INFO	Marionette enabled
[GFX1-]: RenderCompositorSWGL failed mapping default framebuffer, no dt
console.warn: SearchSettings: "get: No settings file exists, new profile?" (new NotFoundError("Could not open the file at /tmp/rust_mozprofileykGXkn/search.json.mozlz4", (void 0)))
1656251594297	Marionette	INFO	Listening on port 45945
1656251594382	RemoteAgent	WARN	TLS certificate errors will be ignored for this session
console.error: Region.jsm: "Error fetching region" (new Error("TIMEOUT", "resource://gre/modules/Region.jsm", 772))
console.error: Region.jsm: "Failed to fetch region" (new Error("TIMEOUT", "resource://gre/modules/Region.jsm", 419))
JavaScript error: resource://gre/modules/PartitioningExceptionListService.jsm, line 69: NS_ERROR_MALFORMED_URI: Component returned failure code: 0x804b000a (NS_ERROR_MALFORMED_URI) [nsIPartitioningExceptionListObserver.onExceptionListUpdate]
JavaScript error: https://aswpsdkeu.com/notify/v1/ua-sdk.min.js, line 1: ReferenceError: You must have a registered channel to send events.
JavaScript error: https://aswpsdkeu.com/notify/v1/ua-sdk.min.js, line 1: ReferenceError: You must have a registered channel to send events.
JavaScript warning: https://assets.alicdn.com/g/secdev/sufei_data/3.9.10/index.js, line 1: WebGL context was lost.
JavaScript warning: https://assets.alicdn.com/g??xlly/spl/rp.js,secdev/nsv/1.0.78/ns_e_88_3_n.js?v=1, line 5: WebGL context was lost.
JavaScript warning: https://assets.alicdn.com/g/AWSC/et/1.62.1/et_n.js, line 4: WebGL context was lost.
1656251610403	Marionette	INFO	Stopped listening on port 45945
JavaScript error: resource:///modules/Interactions.jsm, line 209: NS_ERROR_FAILURE: Component returned failure code: 0x80004005 (NS_ERROR_FAILURE) [nsIUserIdleService.removeIdleObserver]

###!!! [Parent][RunMessage] Error: Channel closing: too late to send/recv, messages will be lost

1656251612096	mozrunner::runner	INFO	Running command: "/usr/bin/firefox" "-marionette" "-headless" "user-agent=Mozilla/5.0 (Windows NT 10.0; Win64; x64) AppleWebKit/537.36 (KHTML, like Gecko) Chrome/85.0.4183.83 Safari/537.36" "--window-size=1920,1080" "--ignore-certificate-errors" "--allow-running-insecure-content" "--disable-extensions" "--proxy-server=\'direct://\'" "--proxy-bypass-list=*" "--start-maximized" "--disable-gpu" "--disable-dev-shm-usage" "--no-sandbox" "-foreground" "-no-remote" "-profile" "/tmp/rust_mozprofilez4GF65"
*** You are running in headless mode.
1656251612490	Marionette	INFO	Marionette enabled
[GFX1-]: RenderCompositorSWGL failed mapping default framebuffer, no dt
console.warn: SearchSettings: "get: No settings file exists, new profile?" (new NotFoundError("Could not open the file at /tmp/rust_mozprofilez4GF65/search.json.mozlz4", (void 0)))
1656251614327	Marionette	INFO	Listening on port 42647
1656251614419	RemoteAgent	WARN	TLS certificate errors will be ignored for this session
Exiting due to channel error.
Exiting due to channel error.
Exiting due to channel error.
Exiting due to channel error.
1656251677484	mozrunner::runner	INFO	Running command: "/usr/bin/firefox" "-marionette" "-headless" "user-agent=Mozilla/5.0 (Windows NT 10.0; Win64; x64) AppleWebKit/537.36 (KHTML, like Gecko) Chrome/85.0.4183.83 Safari/537.36" "--window-size=1920,1080" "--ignore-certificate-errors" "--allow-running-insecure-content" "--disable-extensions" "--proxy-server=\'direct://\'" "--proxy-bypass-list=*" "--start-maximized" "--disable-gpu" "--disable-dev-shm-usage" "--no-sandbox" "-foreground" "-no-remote" "-profile" "/tmp/rust_mozprofilebyXZvV"
*** You are running in headless mode.
1656251677929	Marionette	INFO	Marionette enabled
[GFX1-]: RenderCompositorSWGL failed mapping default framebuffer, no dt
console.warn: SearchSettings: "get: No settings file exists, new profile?" (new NotFoundError("Could not open the file at /tmp/rust_mozprofilebyXZvV/search.json.mozlz4", (void 0)))
1656251679909	Marionette	INFO	Listening on port 40583
1656251680007	RemoteAgent	WARN	TLS certificate errors will be ignored for this session
console.error: Region.jsm: "Error fetching region" (new Error("TIMEOUT", "resource://gre/modules/Region.jsm", 772))
console.error: Region.jsm: "Failed to fetch region" (new Error("TIMEOUT", "resource://gre/modules/Region.jsm", 419))
1656251717896	mozrunner::runner	INFO	Running command: "/usr/bin/firefox" "-marionette" "-headless" "user-agent=Mozilla/5.0 (Windows NT 10.0; Win64; x64) AppleWebKit/537.36 (KHTML, like Gecko) Chrome/85.0.4183.83 Safari/537.36" "--window-size=1920,1080" "--ignore-certificate-errors" "--allow-running-insecure-content" "--disable-extensions" "--proxy-server=\'direct://\'" "--proxy-bypass-list=*" "--start-maximized" "--disable-gpu" "--disable-dev-shm-usage" "--no-sandbox" "-foreground" "-no-remote" "-profile" "/tmp/rust_mozprofilewrPY38"
*** You are running in headless mode.
1656251718331	Marionette	INFO	Marionette enabled
[GFX1-]: RenderCompositorSWGL failed mapping default framebuffer, no dt
console.warn: SearchSettings: "get: No settings file exists, new profile?" (new NotFoundError("Could not open the file at /tmp/rust_mozprofilewrPY38/search.json.mozlz4", (void 0)))
1656251720328	Marionette	INFO	Listening on port 38081
1656251720421	RemoteAgent	WARN	TLS certificate errors will be ignored for this session
console.error: Region.jsm: "Error fetching region" (new Error("TIMEOUT", "resource://gre/modules/Region.jsm", 772))
console.error: Region.jsm: "Failed to fetch region" (new Error("TIMEOUT", "resource://gre/modules/Region.jsm", 419))
1656251733920	mozrunner::runner	INFO	Running command: "/usr/bin/firefox" "-marionette" "-headless" "user-agent=Mozilla/5.0 (Windows NT 10.0; Win64; x64) AppleWebKit/537.36 (KHTML, like Gecko) Chrome/85.0.4183.83 Safari/537.36" "--window-size=1920,1080" "--ignore-certificate-errors" "--allow-running-insecure-content" "--disable-extensions" "--proxy-server=\'direct://\'" "--proxy-bypass-list=*" "--start-maximized" "--disable-gpu" "--disable-dev-shm-usage" "--no-sandbox" "-foreground" "-no-remote" "-profile" "/tmp/rust_mozprofilePYJD5C"
*** You are running in headless mode.
1656251734352	Marionette	INFO	Marionette enabled
[GFX1-]: RenderCompositorSWGL failed mapping default framebuffer, no dt
console.warn: SearchSettings: "get: No settings file exists, new profile?" (new NotFoundError("Could not open the file at /tmp/rust_mozprofilePYJD5C/search.json.mozlz4", (void 0)))
1656251736291	Marionette	INFO	Listening on port 36213
1656251736358	RemoteAgent	WARN	TLS certificate errors will be ignored for this session
JavaScript error: resource://gre/modules/PartitioningExceptionListService.jsm, line 69: NS_ERROR_MALFORMED_URI: Component returned failure code: 0x804b000a (NS_ERROR_MALFORMED_URI) [nsIPartitioningExceptionListObserver.onExceptionListUpdate]
console.error: Region.jsm: "Error fetching region" (new Error("TIMEOUT", "resource://gre/modules/Region.jsm", 772))
console.error: Region.jsm: "Failed to fetch region" (new Error("TIMEOUT", "resource://gre/modules/Region.jsm", 419))
JavaScript error: https://aswpsdkeu.com/notify/v1/ua-sdk.min.js, line 1: ReferenceError: You must have a registered channel to send events.
JavaScript error: https://aswpsdkeu.com/notify/v1/ua-sdk.min.js, line 1: ReferenceError: You must have a registered channel to send events.
JavaScript warning: https://assets.alicdn.com/g/secdev/sufei_data/3.9.10/index.js, line 1: WebGL context was lost.
JavaScript warning: https://assets.alicdn.com/g??xlly/spl/rp.js,secdev/nsv/1.0.78/ns_e_88_3_n.js?v=1, line 5: WebGL context was lost.
JavaScript warning: https://assets.alicdn.com/g/AWSC/et/1.62.1/et_n.js, line 4: WebGL context was lost.
1656251759685	Marionette	INFO	Stopped listening on port 36213
JavaScript error: resource:///modules/Interactions.jsm, line 209: NS_ERROR_FAILURE: Component returned failure code: 0x80004005 (NS_ERROR_FAILURE) [nsIUserIdleService.removeIdleObserver]

###!!! [Parent][RunMessage] Error: Channel closing: too late to send/recv, messages will be lost

1656251761388	mozrunner::runner	INFO	Running command: "/usr/bin/firefox" "-marionette" "-headless" "user-agent=Mozilla/5.0 (Windows NT 10.0; Win64; x64) AppleWebKit/537.36 (KHTML, like Gecko) Chrome/85.0.4183.83 Safari/537.36" "--window-size=1920,1080" "--ignore-certificate-errors" "--allow-running-insecure-content" "--disable-extensions" "--proxy-server=\'direct://\'" "--proxy-bypass-list=*" "--start-maximized" "--disable-gpu" "--disable-dev-shm-usage" "--no-sandbox" "-foreground" "-no-remote" "-profile" "/tmp/rust_mozprofilePzGU28"
*** You are running in headless mode.
1656251761800	Marionette	INFO	Marionette enabled
[GFX1-]: RenderCompositorSWGL failed mapping default framebuffer, no dt
console.warn: SearchSettings: "get: No settings file exists, new profile?" (new NotFoundError("Could not open the file at /tmp/rust_mozprofilePzGU28/search.json.mozlz4", (void 0)))
1656251763761	Marionette	INFO	Listening on port 39105
1656251763835	RemoteAgent	WARN	TLS certificate errors will be ignored for this session
JavaScript error: resource://gre/modules/PartitioningExceptionListService.jsm, line 69: NS_ERROR_MALFORMED_URI: Component returned failure code: 0x804b000a (NS_ERROR_MALFORMED_URI) [nsIPartitioningExceptionListObserver.onExceptionListUpdate]
1656253736444	mozrunner::runner	INFO	Running command: "/usr/bin/firefox" "-marionette" "-foreground" "-no-remote" "-profile" "/tmp/rust_mozprofiletckE9A"
1656253737100	Marionette	INFO	Marionette enabled
console.warn: SearchSettings: "get: No settings file exists, new profile?" (new NotFoundError("Could not open the file at /tmp/rust_mozprofiletckE9A/search.json.mozlz4", (void 0)))
1656253739401	Marionette	INFO	Listening on port 41919
1656253739471	RemoteAgent	WARN	TLS certificate errors will be ignored for this session
console.error: Region.jsm: "Error fetching region" (new Error("TIMEOUT", "resource://gre/modules/Region.jsm", 772))
console.error: Region.jsm: "Failed to fetch region" (new Error("TIMEOUT", "resource://gre/modules/Region.jsm", 419))
1656253744490	Marionette	WARN	TimedPromise timed out after 5000 ms: stacktrace:
TimedPromise/<@chrome://remote/content/marionette/sync.js:238:19
TimedPromise@chrome://remote/content/marionette/sync.js:223:10
GeckoDriver.prototype.minimizeWindow@chrome://remote/content/marionette/driver.js:2406:11
JavaScript error: resource://gre/modules/PartitioningExceptionListService.jsm, line 69: NS_ERROR_MALFORMED_URI: Component returned failure code: 0x804b000a (NS_ERROR_MALFORMED_URI) [nsIPartitioningExceptionListObserver.onExceptionListUpdate]
JavaScript error: https://aswpsdkeu.com/notify/v1/ua-sdk.min.js, line 1: ReferenceError: You must have a registered channel to send events.
1656253774993	Marionette	INFO	Stopped listening on port 41919
JavaScript error: resource:///modules/Interactions.jsm, line 209: NS_ERROR_FAILURE: Component returned failure code: 0x80004005 (NS_ERROR_FAILURE) [nsIUserIdleService.removeIdleObserver]
JavaScript error: https://aswpsdkeu.com/notify/v1/ua-sdk.min.js, line 1: ReferenceError: You must have a registered channel to send events.

###!!! [Parent][RunMessage] Error: Channel closing: too late to send/recv, messages will be lost

1656253776699	mozrunner::runner	INFO	Running command: "/usr/bin/firefox" "-marionette" "-foreground" "-no-remote" "-profile" "/tmp/rust_mozprofilehYe4hn"
1656253777329	Marionette	INFO	Marionette enabled
1656254013108	mozrunner::runner	INFO	Running command: "/usr/bin/firefox" "-marionette" "-headless" "user-agent=Mozilla/5.0 (Windows NT 10.0; Win64; x64) AppleWebKit/537.36 (KHTML, like Gecko) Chrome/85.0.4183.83 Safari/537.36" "--window-size=1920,1080" "--ignore-certificate-errors" "--allow-running-insecure-content" "--disable-extensions" "--proxy-server=\'direct://\'" "--proxy-bypass-list=*" "--start-maximized" "--disable-gpu" "--disable-dev-shm-usage" "--no-sandbox" "-foreground" "-no-remote" "-profile" "/tmp/rust_mozprofileWG4gOw"
*** You are running in headless mode.
1656254013534	Marionette	INFO	Marionette enabled
[GFX1-]: RenderCompositorSWGL failed mapping default framebuffer, no dt
console.warn: SearchSettings: "get: No settings file exists, new profile?" (new NotFoundError("Could not open the file at /tmp/rust_mozprofileWG4gOw/search.json.mozlz4", (void 0)))
1656254015483	Marionette	INFO	Listening on port 36939
1656254015543	RemoteAgent	WARN	TLS certificate errors will be ignored for this session
JavaScript error: resource://gre/modules/PartitioningExceptionListService.jsm, line 69: NS_ERROR_MALFORMED_URI: Component returned failure code: 0x804b000a (NS_ERROR_MALFORMED_URI) [nsIPartitioningExceptionListObserver.onExceptionListUpdate]
JavaScript error: https://aswpsdkeu.com/notify/v1/ua-sdk.min.js, line 1: ReferenceError: You must have a registered channel to send events.
JavaScript error: https://aswpsdkeu.com/notify/v1/ua-sdk.min.js, line 1: ReferenceError: You must have a registered channel to send events.
JavaScript warning: https://assets.alicdn.com/g/secdev/sufei_data/3.9.10/index.js, line 1: WebGL context was lost.
JavaScript warning: https://assets.alicdn.com/g??xlly/spl/rp.js,secdev/nsv/1.0.78/ns_e_88_3_n.js?v=1, line 5: WebGL context was lost.
JavaScript warning: https://assets.alicdn.com/g/AWSC/et/1.62.1/et_n.js, line 4: WebGL context was lost.
1656254028736	Marionette	INFO	Stopped listening on port 36939
JavaScript error: resource:///modules/Interactions.jsm, line 209: NS_ERROR_FAILURE: Component returned failure code: 0x80004005 (NS_ERROR_FAILURE) [nsIUserIdleService.removeIdleObserver]

###!!! [Parent][RunMessage] Error: Channel closing: too late to send/recv, messages will be lost

1656254030408	mozrunner::runner	INFO	Running command: "/usr/bin/firefox" "-marionette" "-headless" "user-agent=Mozilla/5.0 (Windows NT 10.0; Win64; x64) AppleWebKit/537.36 (KHTML, like Gecko) Chrome/85.0.4183.83 Safari/537.36" "--window-size=1920,1080" "--ignore-certificate-errors" "--allow-running-insecure-content" "--disable-extensions" "--proxy-server=\'direct://\'" "--proxy-bypass-list=*" "--start-maximized" "--disable-gpu" "--disable-dev-shm-usage" "--no-sandbox" "-foreground" "-no-remote" "-profile" "/tmp/rust_mozprofile3xUvS6"
*** You are running in headless mode.
1656254030798	Marionette	INFO	Marionette enabled
[GFX1-]: RenderCompositorSWGL failed mapping default framebuffer, no dt
console.warn: SearchSettings: "get: No settings file exists, new profile?" (new NotFoundError("Could not open the file at /tmp/rust_mozprofile3xUvS6/search.json.mozlz4", (void 0)))
1656254032713	Marionette	INFO	Listening on port 39309
1656254032832	RemoteAgent	WARN	TLS certificate errors will be ignored for this session
JavaScript error: resource://gre/modules/PartitioningExceptionListService.jsm, line 69: NS_ERROR_MALFORMED_URI: Component returned failure code: 0x804b000a (NS_ERROR_MALFORMED_URI) [nsIPartitioningExceptionListObserver.onExceptionListUpdate]
JavaScript error: https://aswpsdkeu.com/notify/v1/ua-sdk.min.js, line 1: ReferenceError: You must have a registered channel to send events.
JavaScript error: https://aswpsdkeu.com/notify/v1/ua-sdk.min.js, line 1: ReferenceError: You must have a registered channel to send events.
JavaScript warning: https://assets.alicdn.com/g/secdev/sufei_data/3.9.10/index.js, line 1: WebGL context was lost.
JavaScript warning: https://assets.alicdn.com/g??xlly/spl/rp.js,secdev/nsv/1.0.78/ns_e_88_3_n.js?v=1, line 5: WebGL context was lost.
JavaScript warning: https://assets.alicdn.com/g/AWSC/et/1.62.1/et_n.js, line 4: WebGL context was lost.
1656254045828	Marionette	INFO	Stopped listening on port 39309
JavaScript error: resource:///modules/Interactions.jsm, line 209: NS_ERROR_FAILURE: Component returned failure code: 0x80004005 (NS_ERROR_FAILURE) [nsIUserIdleService.removeIdleObserver]

###!!! [Parent][RunMessage] Error: Channel closing: too late to send/recv, messages will be lost

1656254061212	mozrunner::runner	INFO	Running command: "/usr/bin/firefox" "-marionette" "-headless" "user-agent=Mozilla/5.0 (Windows NT 10.0; Win64; x64) AppleWebKit/537.36 (KHTML, like Gecko) Chrome/85.0.4183.83 Safari/537.36" "--window-size=1920,1080" "--ignore-certificate-errors" "--allow-running-insecure-content" "--disable-extensions" "--proxy-server=\'direct://\'" "--proxy-bypass-list=*" "--start-maximized" "--disable-gpu" "--disable-dev-shm-usage" "--no-sandbox" "-foreground" "-no-remote" "-profile" "/tmp/rust_mozprofileXa0C0g"
*** You are running in headless mode.
1656254061634	Marionette	INFO	Marionette enabled
[GFX1-]: RenderCompositorSWGL failed mapping default framebuffer, no dt
console.warn: SearchSettings: "get: No settings file exists, new profile?" (new NotFoundError("Could not open the file at /tmp/rust_mozprofileXa0C0g/search.json.mozlz4", (void 0)))
1656254063559	Marionette	INFO	Listening on port 37743
1656254063638	RemoteAgent	WARN	TLS certificate errors will be ignored for this session
JavaScript error: resource://gre/modules/PartitioningExceptionListService.jsm, line 69: NS_ERROR_MALFORMED_URI: Component returned failure code: 0x804b000a (NS_ERROR_MALFORMED_URI) [nsIPartitioningExceptionListObserver.onExceptionListUpdate]
JavaScript error: https://aswpsdkeu.com/notify/v1/ua-sdk.min.js, line 1: ReferenceError: You must have a registered channel to send events.
JavaScript error: https://aswpsdkeu.com/notify/v1/ua-sdk.min.js, line 1: ReferenceError: You must have a registered channel to send events.
JavaScript warning: https://assets.alicdn.com/g/secdev/sufei_data/3.9.10/index.js, line 1: WebGL context was lost.
JavaScript warning: https://assets.alicdn.com/g??xlly/spl/rp.js,secdev/nsv/1.0.78/ns_e_88_3_n.js?v=1, line 5: WebGL context was lost.
JavaScript warning: https://assets.alicdn.com/g/AWSC/et/1.62.1/et_n.js, line 4: WebGL context was lost.
1656254077271	Marionette	INFO	Stopped listening on port 37743
JavaScript error: resource:///modules/Interactions.jsm, line 209: NS_ERROR_FAILURE: Component returned failure code: 0x80004005 (NS_ERROR_FAILURE) [nsIUserIdleService.removeIdleObserver]

###!!! [Parent][RunMessage] Error: Channel closing: too late to send/recv, messages will be lost

1656254733049	mozrunner::runner	INFO	Running command: "/usr/bin/firefox" "-marionette" "-headless" "user-agent=Mozilla/5.0 (Windows NT 10.0; Win64; x64) AppleWebKit/537.36 (KHTML, like Gecko) Chrome/85.0.4183.83 Safari/537.36" "--window-size=1920,1080" "--ignore-certificate-errors" "--allow-running-insecure-content" "--disable-extensions" "--proxy-server=\'direct://\'" "--proxy-bypass-list=*" "--start-maximized" "--disable-gpu" "--disable-dev-shm-usage" "--no-sandbox" "-foreground" "-no-remote" "-profile" "/tmp/rust_mozprofileMdE7jN"
*** You are running in headless mode.
1656254733470	Marionette	INFO	Marionette enabled
[GFX1-]: RenderCompositorSWGL failed mapping default framebuffer, no dt
console.warn: SearchSettings: "get: No settings file exists, new profile?" (new NotFoundError("Could not open the file at /tmp/rust_mozprofileMdE7jN/search.json.mozlz4", (void 0)))
1656254736193	Marionette	INFO	Listening on port 33105
1656254736275	RemoteAgent	WARN	TLS certificate errors will be ignored for this session
JavaScript error: resource://gre/modules/PartitioningExceptionListService.jsm, line 69: NS_ERROR_MALFORMED_URI: Component returned failure code: 0x804b000a (NS_ERROR_MALFORMED_URI) [nsIPartitioningExceptionListObserver.onExceptionListUpdate]
JavaScript error: https://aswpsdkeu.com/notify/v1/ua-sdk.min.js, line 1: ReferenceError: You must have a registered channel to send events.
JavaScript error: https://aswpsdkeu.com/notify/v1/ua-sdk.min.js, line 1: ReferenceError: You must have a registered channel to send events.
JavaScript warning: https://assets.alicdn.com/g/secdev/sufei_data/3.9.10/index.js, line 1: WebGL context was lost.
JavaScript warning: https://assets.alicdn.com/g??xlly/spl/rp.js,secdev/nsv/1.0.78/ns_e_88_3_n.js?v=1, line 5: WebGL context was lost.
JavaScript warning: https://assets.alicdn.com/g/AWSC/et/1.62.1/et_n.js, line 4: WebGL context was lost.
1656254751242	Marionette	INFO	Stopped listening on port 33105
JavaScript error: resource:///modules/Interactions.jsm, line 209: NS_ERROR_FAILURE: Component returned failure code: 0x80004005 (NS_ERROR_FAILURE) [nsIUserIdleService.removeIdleObserver]

###!!! [Parent][RunMessage] Error: Channel closing: too late to send/recv, messages will be lost

1656254752920	mozrunner::runner	INFO	Running command: "/usr/bin/firefox" "-marionette" "-headless" "user-agent=Mozilla/5.0 (Windows NT 10.0; Win64; x64) AppleWebKit/537.36 (KHTML, like Gecko) Chrome/85.0.4183.83 Safari/537.36" "--window-size=1920,1080" "--ignore-certificate-errors" "--allow-running-insecure-content" "--disable-extensions" "--proxy-server=\'direct://\'" "--proxy-bypass-list=*" "--start-maximized" "--disable-gpu" "--disable-dev-shm-usage" "--no-sandbox" "-foreground" "-no-remote" "-profile" "/tmp/rust_mozprofileF3iTeo"
*** You are running in headless mode.
1656254753342	Marionette	INFO	Marionette enabled
[GFX1-]: RenderCompositorSWGL failed mapping default framebuffer, no dt
console.warn: SearchSettings: "get: No settings file exists, new profile?" (new NotFoundError("Could not open the file at /tmp/rust_mozprofileF3iTeo/search.json.mozlz4", (void 0)))
